<!DOCTYPE html PUBLIC "-//W3C//DTD XHTML 1.1//EN" "https://www.w3.org/TR/xhtml11/DTD/xhtml11.dtd">
<html xmlns="https://www.w3.org/1999/xhtml">
<head>
<meta http-equiv="content-type" content="text/html; charset=UTF-8"/>
<title>TestNG Report</title>
<style type="text/css">table {margin-bottom:10px;border-collapse:collapse;empty-cells:show}th,td {border:1px solid #009;padding:.25em .5em}th {vertical-align:bottom}td {vertical-align:top}table a {font-weight:bold}.stripe td {background-color: #E6EBF9}.num {text-align:right}.passedodd td {background-color: #3F3}.passedeven td {background-color: #0A0}.skippedodd td {background-color: #DDD}.skippedeven td {background-color: #CCC}.failedodd td,.attn {background-color: #F33}.failedeven td,.stripe .attn {background-color: #D00}.stacktrace {white-space:pre;font-family:monospace}.totop {font-size:85%;text-align:center;border-bottom:2px solid #000}.invisible {display:none}</style>
</head>
<body>
<table>
<tr><th>Test</th><th># Passed</th><th># Skipped</th><th># Retried</th><th># Failed</th><th>Time (ms)</th><th>Included Groups</th><th>Excluded Groups</th></tr>
<tr><th colspan="8">Suite</th></tr>
<tr><td><a href="#t0">Parameter Test One</a></td><td class="num">0</td><td class="num">0</td><td class="num">0</td><td class="num attn">1</td><td class="num">42,168</td><td></td><td></td></tr>
</table>
<table id='summary'><thead><tr><th>Class</th><th>Method</th><th>Start</th><th>Time (ms)</th></tr></thead><tbody><tr><th colspan="4">Suite</th></tr></tbody><tbody id="t0"><tr><th colspan="4">Parameter Test One &#8212; failed (configuration methods)</th></tr><tr class="failedeven"><td rowspan="1">KeywordDriverUtil.KeywordTestNG</td><td><a href="#m0">TestRunTearDown</a></td><td rowspan="1">1657290064890</td><td rowspan="1">2</td></tr><tr><th colspan="4">Parameter Test One &#8212; failed</th></tr><tr class="failedeven"><td rowspan="1">KeywordDriverUtil.KeywordTestNG</td><td><a href="#m1">ExecuteTest1</a></td><td rowspan="1">1657290022711</td><td rowspan="1">42122</td></tr></tbody>
</table>
<h2>Parameter Test One</h2><h3 id="m0">KeywordDriverUtil.KeywordTestNG#TestRunTearDown</h3><table class="result"><tr><th>Exception</th></tr><tr><td><div class="stacktrace">java.lang.NoClassDefFoundError: com/aventstack/extentreports/reporter/ExtentHtmlReporter
	at ExtentReport.ExtentReport.CreateExtentReport_Model(ExtentReport.java:515)
	at KeywordDriverUtil.KeywordCommon.createExtentReports(KeywordCommon.java:51)
	at KeywordDriverUtil.KeywordDriver.postMethod(KeywordDriver.java:174)
	at KeywordDriverUtil.KeywordTestNG.TestRunTearDown(KeywordTestNG.java:63)
Caused by: java.lang.ClassNotFoundException: com.aventstack.extentreports.reporter.ExtentHtmlReporter
	at java.base/jdk.internal.loader.BuiltinClassLoader.loadClass(BuiltinClassLoader.java:641)
	at java.base/jdk.internal.loader.ClassLoaders$AppClassLoader.loadClass(ClassLoaders.java:188)
	at java.base/java.lang.ClassLoader.loadClass(ClassLoader.java:520)
	... 23 more
... Removed 19 stack frames</div></td></tr></table><p class="totop"><a href="#summary">back to summary</a></p>
<h3 id="m1">KeywordDriverUtil.KeywordTestNG#ExecuteTest1</h3><table class="result"><tr class="param"><th>Parameter #1</th></tr><tr class="param stripe"><td>MDOT_scenario1</td></tr><tr><th>Exception</th></tr><tr><td><div class="stacktrace">java.lang.NoClassDefFoundError: com/aventstack/extentreports/Status
	at Model.ExtentModel.TestStepDetails.&lt;init&gt;(TestStepDetails.java:34)
	at Model.ExtentModel.ExtentUtilities.Log(ExtentUtilities.java:100)
	at Common.ReportCommon.logScreenDetails(ReportCommon.java:171)
	at KeywordDriverUtil.ScenarioUtil.executeScenario(ScenarioUtil.java:170)
	at KeywordDriverUtil.KeywordDriver.KeyWordScenario(KeywordDriver.java:125)
	at KeywordDriverUtil.KeywordTestNG.ExecuteTest1(KeywordTestNG.java:37)
	at java.base/java.util.ArrayList.forEach(ArrayList.java:1511)
	at java.base/java.util.concurrent.FutureTask.run(FutureTask.java:264)
	at java.base/java.util.concurrent.ThreadPoolExecutor.runWorker(ThreadPoolExecutor.java:1136)
	at java.base/java.util.concurrent.ThreadPoolExecutor$Worker.run(ThreadPoolExecutor.java:635)
	at java.base/java.lang.Thread.run(Thread.java:833)
Caused by: java.lang.ClassNotFoundException: com.aventstack.extentreports.Status
	at java.base/jdk.internal.loader.BuiltinClassLoader.loadClass(BuiltinClassLoader.java:641)
	at java.base/jdk.internal.loader.ClassLoaders$AppClassLoader.loadClass(ClassLoaders.java:188)
	at java.base/java.lang.ClassLoader.loadClass(ClassLoader.java:520)
	... 29 more
... Removed 18 stack frames</div></td></tr></table><p class="totop"><a href="#summary">back to summary</a></p>
</body>
</html>
